2021-12-18 16:18:31,124 [ urllib3.connectionpool ] DEBUG : Starting new HTTPS connection (1): twlolstats.com:443
2021-12-18 16:18:31,710 [ urllib3.connectionpool ] DEBUG : https://twlolstats.com:443 "GET /summoner/?summoner=%E7%89%B9%E5%8B%99%E5%B0%8F%E7%86%8A%E7%86%8A HTTP/1.1" 200 None
2021-12-18 16:18:31,767 [ urllib3.connectionpool ] DEBUG : Starting new HTTPS connection (1): lol.moa.tw:443
2021-12-18 16:18:32,794 [ urllib3.connectionpool ] DEBUG : https://lol.moa.tw:443 "GET /searchlogs/querySummoner?sn=%E7%89%B9%E5%8B%99%E5%B0%8F%E7%86%8A%E7%86%8A HTTP/1.1" 302 None
2021-12-18 16:18:33,400 [ urllib3.connectionpool ] DEBUG : https://lol.moa.tw:443 "GET /summoner/show/%E7%89%B9%E5%8B%99%E5%B0%8F%E7%86%8A%E7%86%8A HTTP/1.1" 200 None
2021-12-18 16:18:33,454 [ urllib3.connectionpool ] DEBUG : Starting new HTTPS connection (1): twlolstats.com:443
2021-12-18 16:18:35,270 [ urllib3.connectionpool ] DEBUG : https://twlolstats.com:443 "GET /moreGames/5665f29c-81b8-5db1-b740-94c48f2a4132/game1 HTTP/1.1" 200 None
2021-12-18 16:18:35,327 [ root ] INFO : successfully grab down 20 from twlol
2021-12-18 16:18:35,331 [ urllib3.connectionpool ] DEBUG : Starting new HTTPS connection (1): lol.moa.tw:443
2021-12-18 16:18:36,484 [ urllib3.connectionpool ] DEBUG : https://lol.moa.tw:443 "POST /Ajax/recentgames/332032349/page:1/sort:GameMatch.createDate/direction:desc HTTP/1.1" 200 None
2021-12-18 16:18:36,520 [ urllib3.connectionpool ] DEBUG : Starting new HTTPS connection (1): lol.moa.tw:443
2021-12-18 16:18:37,703 [ urllib3.connectionpool ] DEBUG : https://lol.moa.tw:443 "POST /Ajax/recentgames/332032349/page:2/sort:GameMatch.createDate/direction:desc HTTP/1.1" 200 None
2021-12-18 16:18:37,733 [ root ] INFO : successfully grab down 20 from moa
2021-12-18 16:18:37,738 [ urllib3.connectionpool ] DEBUG : Starting new HTTPS connection (1): twlolstats.com:443
2021-12-18 16:18:38,205 [ urllib3.connectionpool ] DEBUG : https://twlolstats.com:443 "GET /summoner/?summoner=%E8%B9%B2%E8%8D%89%E6%B2%92%E6%9C%89%E6%B4%BE%E5%B0%8D HTTP/1.1" 200 None
2021-12-18 16:18:38,225 [ urllib3.connectionpool ] DEBUG : Starting new HTTPS connection (1): lol.moa.tw:443
2021-12-18 16:18:38,762 [ urllib3.connectionpool ] DEBUG : https://lol.moa.tw:443 "GET /searchlogs/querySummoner?sn=%E8%B9%B2%E8%8D%89%E6%B2%92%E6%9C%89%E6%B4%BE%E5%B0%8D HTTP/1.1" 302 None
2021-12-18 16:18:39,247 [ urllib3.connectionpool ] DEBUG : https://lol.moa.tw:443 "GET /summoner/show/%E8%B9%B2%E8%8D%89%E6%B2%92%E6%9C%89%E6%B4%BE%E5%B0%8D HTTP/1.1" 200 None
2021-12-18 16:18:39,292 [ urllib3.connectionpool ] DEBUG : Starting new HTTPS connection (1): twlolstats.com:443
2021-12-18 16:18:41,083 [ urllib3.connectionpool ] DEBUG : https://twlolstats.com:443 "GET /moreGames/875bf6ad-d7dc-5c2d-93f3-887fe544fa70/game1 HTTP/1.1" 500 None
2021-12-18 16:18:41,087 [ root ] ERROR : error on processing 蹲草沒有派對
2021-12-18 16:18:41,094 [ urllib3.connectionpool ] DEBUG : Starting new HTTPS connection (1): twlolstats.com:443
2021-12-18 16:18:42,065 [ urllib3.connectionpool ] DEBUG : https://twlolstats.com:443 "GET /summoner/?summoner=0%E5%B0%8F%E5%93%A50 HTTP/1.1" 200 None
2021-12-18 16:18:42,089 [ urllib3.connectionpool ] DEBUG : Starting new HTTPS connection (1): lol.moa.tw:443
2021-12-18 16:18:42,969 [ urllib3.connectionpool ] DEBUG : https://lol.moa.tw:443 "GET /searchlogs/querySummoner?sn=0%E5%B0%8F%E5%93%A50 HTTP/1.1" 302 None
2021-12-18 16:18:43,325 [ urllib3.connectionpool ] DEBUG : https://lol.moa.tw:443 "GET /summoner/show/0%E5%B0%8F%E5%93%A50 HTTP/1.1" 200 None
2021-12-18 16:18:43,370 [ urllib3.connectionpool ] DEBUG : Starting new HTTPS connection (1): twlolstats.com:443
2021-12-18 16:18:44,770 [ urllib3.connectionpool ] DEBUG : https://twlolstats.com:443 "GET /moreGames/122d3f29-688d-5448-9045-bac307708c97/game1 HTTP/1.1" 200 None
2021-12-18 16:18:44,830 [ root ] INFO : successfully grab down 20 from twlol
2021-12-18 16:18:44,833 [ urllib3.connectionpool ] DEBUG : Starting new HTTPS connection (1): lol.moa.tw:443
2021-12-18 16:18:45,538 [ urllib3.connectionpool ] DEBUG : https://lol.moa.tw:443 "POST /Ajax/recentgames/116774296/page:1/sort:GameMatch.createDate/direction:desc HTTP/1.1" 200 None
2021-12-18 16:18:45,601 [ urllib3.connectionpool ] DEBUG : Starting new HTTPS connection (1): lol.moa.tw:443
2021-12-18 16:18:46,180 [ urllib3.connectionpool ] DEBUG : https://lol.moa.tw:443 "POST /Ajax/recentgames/116774296/page:2/sort:GameMatch.createDate/direction:desc HTTP/1.1" 200 None
2021-12-18 16:18:46,208 [ root ] INFO : successfully grab down 20 from moa
2021-12-18 16:18:46,212 [ urllib3.connectionpool ] DEBUG : Starting new HTTPS connection (1): twlolstats.com:443
2021-12-18 16:18:47,224 [ urllib3.connectionpool ] DEBUG : https://twlolstats.com:443 "GET /summoner/?summoner=%E7%B4%AB%E8%96%87%E9%86%AC%E5%A5%B9%E7%88%B9 HTTP/1.1" 200 None
2021-12-18 16:18:47,246 [ urllib3.connectionpool ] DEBUG : Starting new HTTPS connection (1): lol.moa.tw:443
2021-12-18 16:18:47,724 [ urllib3.connectionpool ] DEBUG : https://lol.moa.tw:443 "GET /searchlogs/querySummoner?sn=%E7%B4%AB%E8%96%87%E9%86%AC%E5%A5%B9%E7%88%B9 HTTP/1.1" 302 None
2021-12-18 16:18:47,998 [ urllib3.connectionpool ] DEBUG : https://lol.moa.tw:443 "GET /summoner/show/%E7%B4%AB%E8%96%87%E9%86%AC%E5%A5%B9%E7%88%B9 HTTP/1.1" 200 None
2021-12-18 16:18:48,047 [ urllib3.connectionpool ] DEBUG : Starting new HTTPS connection (1): twlolstats.com:443
2021-12-18 16:18:49,001 [ urllib3.connectionpool ] DEBUG : https://twlolstats.com:443 "GET /moreGames/baa0032a-8486-56e3-b4a4-68a2e032cb2e/game1 HTTP/1.1" 200 None
2021-12-18 16:18:49,015 [ root ] INFO : successfully grab down 2 from twlol
2021-12-18 16:18:49,021 [ urllib3.connectionpool ] DEBUG : Starting new HTTPS connection (1): lol.moa.tw:443
2021-12-18 16:18:50,299 [ urllib3.connectionpool ] DEBUG : https://lol.moa.tw:443 "POST /Ajax/recentgames/89157448/page:1/sort:GameMatch.createDate/direction:desc HTTP/1.1" 200 None
2021-12-18 16:18:50,319 [ urllib3.connectionpool ] DEBUG : Starting new HTTPS connection (1): lol.moa.tw:443
2021-12-18 16:18:51,542 [ urllib3.connectionpool ] DEBUG : https://lol.moa.tw:443 "POST /Ajax/recentgames/89157448/page:2/sort:GameMatch.createDate/direction:desc HTTP/1.1" 200 None
2021-12-18 16:18:51,550 [ root ] INFO : successfully grab down 2 from moa
2021-12-18 16:18:51,556 [ urllib3.connectionpool ] DEBUG : Starting new HTTPS connection (1): twlolstats.com:443
2021-12-18 16:18:52,073 [ urllib3.connectionpool ] DEBUG : https://twlolstats.com:443 "GET /summoner/?summoner=%E9%AE%AA%E4%BA%86%E5%80%8B HTTP/1.1" 200 None
2021-12-18 16:18:52,094 [ urllib3.connectionpool ] DEBUG : Starting new HTTPS connection (1): lol.moa.tw:443
2021-12-18 16:18:52,536 [ urllib3.connectionpool ] DEBUG : https://lol.moa.tw:443 "GET /searchlogs/querySummoner?sn=%E9%AE%AA%E4%BA%86%E5%80%8B HTTP/1.1" 302 None
2021-12-18 16:18:52,847 [ urllib3.connectionpool ] DEBUG : https://lol.moa.tw:443 "GET /summoner/show/%E9%AE%AA%E4%BA%86%E5%80%8B HTTP/1.1" 200 None
2021-12-18 16:18:52,901 [ urllib3.connectionpool ] DEBUG : Starting new HTTPS connection (1): twlolstats.com:443
2021-12-18 16:18:53,987 [ urllib3.connectionpool ] DEBUG : https://twlolstats.com:443 "GET /moreGames/01412492-c94f-54c5-acb0-5f0048a32ebf/game1 HTTP/1.1" 200 None
2021-12-18 16:18:53,995 [ root ] INFO : successfully grab down 1 from twlol
2021-12-18 16:18:54,000 [ urllib3.connectionpool ] DEBUG : Starting new HTTPS connection (1): lol.moa.tw:443
2021-12-18 16:18:54,451 [ urllib3.connectionpool ] DEBUG : https://lol.moa.tw:443 "POST /Ajax/recentgames/427865548/page:1/sort:GameMatch.createDate/direction:desc HTTP/1.1" 200 None
2021-12-18 16:18:54,467 [ urllib3.connectionpool ] DEBUG : Starting new HTTPS connection (1): lol.moa.tw:443
2021-12-18 16:18:55,234 [ urllib3.connectionpool ] DEBUG : https://lol.moa.tw:443 "POST /Ajax/recentgames/427865548/page:2/sort:GameMatch.createDate/direction:desc HTTP/1.1" 200 None
2021-12-18 16:18:55,242 [ root ] INFO : successfully grab down 1 from moa
2021-12-18 16:18:55,247 [ urllib3.connectionpool ] DEBUG : Starting new HTTPS connection (1): twlolstats.com:443
2021-12-18 16:18:55,609 [ urllib3.connectionpool ] DEBUG : https://twlolstats.com:443 "GET /summoner/?summoner=%E6%88%91%E6%98%AF%E6%88%B4%E7%B4%80%E7%85%AC HTTP/1.1" 200 None
2021-12-18 16:18:55,639 [ urllib3.connectionpool ] DEBUG : Starting new HTTPS connection (1): lol.moa.tw:443
2021-12-18 16:18:56,434 [ urllib3.connectionpool ] DEBUG : https://lol.moa.tw:443 "GET /searchlogs/querySummoner?sn=%E6%88%91%E6%98%AF%E6%88%B4%E7%B4%80%E7%85%AC HTTP/1.1" 302 None
2021-12-18 16:18:56,738 [ urllib3.connectionpool ] DEBUG : https://lol.moa.tw:443 "GET /summoner/show/%E6%88%91%E6%98%AF%E6%88%B4%E7%B4%80%E7%85%AC HTTP/1.1" 200 None
2021-12-18 16:18:56,783 [ urllib3.connectionpool ] DEBUG : Starting new HTTPS connection (1): twlolstats.com:443
2021-12-18 16:18:58,285 [ urllib3.connectionpool ] DEBUG : https://twlolstats.com:443 "GET /moreGames/893f5889-a645-52c6-b82e-0eac9a0b7da2/game1 HTTP/1.1" 200 None
2021-12-18 16:18:58,357 [ root ] INFO : successfully grab down 20 from twlol
2021-12-18 16:18:58,360 [ urllib3.connectionpool ] DEBUG : Starting new HTTPS connection (1): lol.moa.tw:443
2021-12-18 16:18:59,821 [ urllib3.connectionpool ] DEBUG : https://lol.moa.tw:443 "POST /Ajax/recentgames/432273783/page:1/sort:GameMatch.createDate/direction:desc HTTP/1.1" 200 None
2021-12-18 16:18:59,852 [ urllib3.connectionpool ] DEBUG : Starting new HTTPS connection (1): lol.moa.tw:443
2021-12-18 16:19:00,807 [ urllib3.connectionpool ] DEBUG : https://lol.moa.tw:443 "POST /Ajax/recentgames/432273783/page:2/sort:GameMatch.createDate/direction:desc HTTP/1.1" 200 None
2021-12-18 16:19:00,839 [ root ] INFO : successfully grab down 20 from moa
2021-12-18 16:19:00,843 [ urllib3.connectionpool ] DEBUG : Starting new HTTPS connection (1): twlolstats.com:443
2021-12-18 16:19:01,231 [ urllib3.connectionpool ] DEBUG : https://twlolstats.com:443 "GET /summoner/?summoner=%E5%A5%BD%E9%81%8B%E8%B2%93%E9%A0%AD%E9%B7%B9 HTTP/1.1" 200 None
2021-12-18 16:19:01,255 [ urllib3.connectionpool ] DEBUG : Starting new HTTPS connection (1): lol.moa.tw:443
2021-12-18 16:19:01,761 [ urllib3.connectionpool ] DEBUG : https://lol.moa.tw:443 "GET /searchlogs/querySummoner?sn=%E5%A5%BD%E9%81%8B%E8%B2%93%E9%A0%AD%E9%B7%B9 HTTP/1.1" 302 None
2021-12-18 16:19:02,170 [ urllib3.connectionpool ] DEBUG : https://lol.moa.tw:443 "GET /summoner/show/%E5%A5%BD%E9%81%8B%E8%B2%93%E9%A0%AD%E9%B7%B9 HTTP/1.1" 200 None
2021-12-18 16:19:02,216 [ urllib3.connectionpool ] DEBUG : Starting new HTTPS connection (1): twlolstats.com:443
2021-12-18 16:19:04,123 [ urllib3.connectionpool ] DEBUG : https://twlolstats.com:443 "GET /moreGames/22884446-9471-5d6c-9072-362e77b66168/game1 HTTP/1.1" 500 None
2021-12-18 16:19:04,127 [ root ] ERROR : error on processing 好運貓頭鷹
2021-12-18 16:19:04,133 [ urllib3.connectionpool ] DEBUG : Starting new HTTPS connection (1): twlolstats.com:443
2021-12-18 16:19:04,563 [ urllib3.connectionpool ] DEBUG : https://twlolstats.com:443 "GET /summoner/?summoner=Sigolon HTTP/1.1" 200 None
2021-12-18 16:19:04,588 [ urllib3.connectionpool ] DEBUG : Starting new HTTPS connection (1): lol.moa.tw:443
2021-12-18 16:19:05,014 [ urllib3.connectionpool ] DEBUG : https://lol.moa.tw:443 "GET /searchlogs/querySummoner?sn=Sigolon HTTP/1.1" 302 None
2021-12-18 16:19:05,412 [ urllib3.connectionpool ] DEBUG : https://lol.moa.tw:443 "GET /summoner/show/Sigolon HTTP/1.1" 200 None
2021-12-18 16:19:05,460 [ urllib3.connectionpool ] DEBUG : Starting new HTTPS connection (1): twlolstats.com:443
2021-12-18 16:19:07,504 [ urllib3.connectionpool ] DEBUG : https://twlolstats.com:443 "GET /moreGames/ae5599e2-1375-5c85-8164-f9b64074c37d/game1 HTTP/1.1" 500 None
2021-12-18 16:19:07,508 [ root ] ERROR : error on processing Sigolon
2021-12-18 16:19:07,514 [ urllib3.connectionpool ] DEBUG : Starting new HTTPS connection (1): twlolstats.com:443
2021-12-18 16:19:07,884 [ urllib3.connectionpool ] DEBUG : https://twlolstats.com:443 "GET /summoner/?summoner=TryCloZer HTTP/1.1" 200 None
2021-12-18 16:19:07,915 [ urllib3.connectionpool ] DEBUG : Starting new HTTPS connection (1): lol.moa.tw:443
2021-12-18 16:19:09,035 [ urllib3.connectionpool ] DEBUG : https://lol.moa.tw:443 "GET /searchlogs/querySummoner?sn=TryCloZer HTTP/1.1" 302 None
2021-12-18 16:19:09,321 [ urllib3.connectionpool ] DEBUG : https://lol.moa.tw:443 "GET /summoner/show/TryCloZer HTTP/1.1" 200 None
2021-12-18 16:19:09,374 [ urllib3.connectionpool ] DEBUG : Starting new HTTPS connection (1): twlolstats.com:443
2021-12-18 16:19:10,881 [ urllib3.connectionpool ] DEBUG : https://twlolstats.com:443 "GET /moreGames/3226ea7e-5a01-5c9b-b227-a1e1cb83ddeb/game1 HTTP/1.1" 500 None
2021-12-18 16:19:10,887 [ root ] ERROR : error on processing TryCloZer
2021-12-18 16:19:10,893 [ urllib3.connectionpool ] DEBUG : Starting new HTTPS connection (1): twlolstats.com:443
2021-12-18 16:19:11,803 [ urllib3.connectionpool ] DEBUG : https://twlolstats.com:443 "GET /summoner/?summoner=%E8%A6%AA%E6%88%91%E5%88%A5%E8%A6%AA%E7%B7%9A%C3%BC HTTP/1.1" 200 None
2021-12-18 16:19:11,816 [ root ] ERROR : error on processing 親我別親線ü
2021-12-18 16:19:11,822 [ urllib3.connectionpool ] DEBUG : Starting new HTTPS connection (1): twlolstats.com:443
2021-12-18 16:19:12,171 [ urllib3.connectionpool ] DEBUG : https://twlolstats.com:443 "GET /summoner/?summoner=%E5%8F%AF%E6%82%B2%E5%8F%B0%E7%94%B7001%C3%9C HTTP/1.1" 200 None
2021-12-18 16:19:12,193 [ urllib3.connectionpool ] DEBUG : Starting new HTTPS connection (1): lol.moa.tw:443
2021-12-18 16:19:12,610 [ urllib3.connectionpool ] DEBUG : https://lol.moa.tw:443 "GET /searchlogs/querySummoner?sn=%E5%8F%AF%E6%82%B2%E5%8F%B0%E7%94%B7001%C3%9C HTTP/1.1" 302 None
2021-12-18 16:19:12,923 [ urllib3.connectionpool ] DEBUG : https://lol.moa.tw:443 "GET /summoner/show/%E5%8F%AF%E6%82%B2%E5%8F%B0%E7%94%B7001%C3%9C HTTP/1.1" 200 None
2021-12-18 16:19:12,988 [ urllib3.connectionpool ] DEBUG : Starting new HTTPS connection (1): twlolstats.com:443
2021-12-18 16:19:14,554 [ urllib3.connectionpool ] DEBUG : https://twlolstats.com:443 "GET /moreGames/12e634dc-5b05-5bfb-9072-5c09de5f1067/game1 HTTP/1.1" 500 None
2021-12-18 16:19:14,559 [ root ] ERROR : error on processing 可悲台男001Ü
2021-12-18 16:19:14,567 [ urllib3.connectionpool ] DEBUG : Starting new HTTPS connection (1): twlolstats.com:443
2021-12-18 16:19:14,977 [ urllib3.connectionpool ] DEBUG : https://twlolstats.com:443 "GET /summoner/?summoner=%E9%98%BF%E5%AD%90%E5%90%8C%E9%84%A7%E4%B8%8D%E5%88%A9%E5%A4%9A HTTP/1.1" 200 None
2021-12-18 16:19:15,000 [ urllib3.connectionpool ] DEBUG : Starting new HTTPS connection (1): lol.moa.tw:443
2021-12-18 16:19:15,443 [ urllib3.connectionpool ] DEBUG : https://lol.moa.tw:443 "GET /searchlogs/querySummoner?sn=%E9%98%BF%E5%AD%90%E5%90%8C%E9%84%A7%E4%B8%8D%E5%88%A9%E5%A4%9A HTTP/1.1" 302 None
2021-12-18 16:19:15,798 [ urllib3.connectionpool ] DEBUG : https://lol.moa.tw:443 "GET /summoner/show/%E9%98%BF%E5%AD%90%E5%90%8C%E9%84%A7%E4%B8%8D%E5%88%A9%E5%A4%9A HTTP/1.1" 200 None
2021-12-18 16:19:15,848 [ urllib3.connectionpool ] DEBUG : Starting new HTTPS connection (1): twlolstats.com:443
2021-12-18 16:19:18,003 [ urllib3.connectionpool ] DEBUG : https://twlolstats.com:443 "GET /moreGames/9b502c91-f399-5ad4-88df-460e5391aff7/game1 HTTP/1.1" 500 None
2021-12-18 16:19:18,008 [ root ] ERROR : error on processing 阿子同鄧不利多
2021-12-18 16:19:18,013 [ urllib3.connectionpool ] DEBUG : Starting new HTTPS connection (1): twlolstats.com:443
2021-12-18 16:19:18,326 [ urllib3.connectionpool ] DEBUG : https://twlolstats.com:443 "GET /summoner/?summoner=kabo87777 HTTP/1.1" 200 None
2021-12-18 16:19:18,350 [ urllib3.connectionpool ] DEBUG : Starting new HTTPS connection (1): lol.moa.tw:443
2021-12-18 16:19:18,878 [ urllib3.connectionpool ] DEBUG : https://lol.moa.tw:443 "GET /searchlogs/querySummoner?sn=kabo87777 HTTP/1.1" 302 None
2021-12-18 16:19:19,206 [ urllib3.connectionpool ] DEBUG : https://lol.moa.tw:443 "GET /summoner/show/kabo87777 HTTP/1.1" 200 None
2021-12-18 16:19:19,251 [ urllib3.connectionpool ] DEBUG : Starting new HTTPS connection (1): twlolstats.com:443
2021-12-18 16:19:20,462 [ urllib3.connectionpool ] DEBUG : https://twlolstats.com:443 "GET /moreGames/d7ee2f23-9a48-5e38-ae3c-7b97e2330ed2/game1 HTTP/1.1" 200 None
2021-12-18 16:19:20,570 [ root ] INFO : successfully grab down 20 from twlol
2021-12-18 16:19:20,574 [ urllib3.connectionpool ] DEBUG : Starting new HTTPS connection (1): lol.moa.tw:443
2021-12-18 16:19:21,666 [ urllib3.connectionpool ] DEBUG : https://lol.moa.tw:443 "POST /Ajax/recentgames/113777466/page:1/sort:GameMatch.createDate/direction:desc HTTP/1.1" 200 None
2021-12-18 16:19:21,690 [ urllib3.connectionpool ] DEBUG : Starting new HTTPS connection (1): lol.moa.tw:443
2021-12-18 16:19:22,256 [ urllib3.connectionpool ] DEBUG : https://lol.moa.tw:443 "POST /Ajax/recentgames/113777466/page:2/sort:GameMatch.createDate/direction:desc HTTP/1.1" 200 None
2021-12-18 16:19:22,316 [ root ] INFO : successfully grab down 20 from moa
2021-12-18 16:19:22,321 [ urllib3.connectionpool ] DEBUG : Starting new HTTPS connection (1): twlolstats.com:443
2021-12-18 16:19:22,659 [ urllib3.connectionpool ] DEBUG : https://twlolstats.com:443 "GET /summoner/?summoner=%E4%B9%82%E8%B3%BD%E5%B8%8C%E5%88%A9%E6%96%AF%E4%B9%82 HTTP/1.1" 200 None
2021-12-18 16:19:22,683 [ urllib3.connectionpool ] DEBUG : Starting new HTTPS connection (1): lol.moa.tw:443
2021-12-18 16:19:23,782 [ urllib3.connectionpool ] DEBUG : https://lol.moa.tw:443 "GET /searchlogs/querySummoner?sn=%E4%B9%82%E8%B3%BD%E5%B8%8C%E5%88%A9%E6%96%AF%E4%B9%82 HTTP/1.1" 302 None
2021-12-18 16:19:24,398 [ urllib3.connectionpool ] DEBUG : https://lol.moa.tw:443 "GET /summoner/show/%E4%B9%82%E8%B3%BD%E5%B8%8C%E5%88%A9%E6%96%AF%E4%B9%82 HTTP/1.1" 200 None
2021-12-18 16:19:24,446 [ urllib3.connectionpool ] DEBUG : Starting new HTTPS connection (1): twlolstats.com:443
2021-12-18 16:19:25,491 [ urllib3.connectionpool ] DEBUG : https://twlolstats.com:443 "GET /moreGames/267a2d05-f2a7-5993-842b-383fe2881951/game1 HTTP/1.1" 200 None
2021-12-18 16:19:25,498 [ root ] ERROR : error on processing 乂賽希利斯乂
2021-12-18 16:19:25,504 [ urllib3.connectionpool ] DEBUG : Starting new HTTPS connection (1): twlolstats.com:443
2021-12-18 16:19:25,954 [ urllib3.connectionpool ] DEBUG : https://twlolstats.com:443 "GET /summoner/?summoner=battle%E6%81%A9 HTTP/1.1" 200 None
2021-12-18 16:19:25,977 [ urllib3.connectionpool ] DEBUG : Starting new HTTPS connection (1): lol.moa.tw:443
2021-12-18 16:19:27,163 [ urllib3.connectionpool ] DEBUG : https://lol.moa.tw:443 "GET /searchlogs/querySummoner?sn=battle%E6%81%A9 HTTP/1.1" 302 None
2021-12-18 16:19:27,777 [ urllib3.connectionpool ] DEBUG : https://lol.moa.tw:443 "GET /summoner/show/battle%E6%81%A9 HTTP/1.1" 200 None
2021-12-18 16:19:27,825 [ urllib3.connectionpool ] DEBUG : Starting new HTTPS connection (1): twlolstats.com:443
2021-12-18 16:19:29,928 [ urllib3.connectionpool ] DEBUG : https://twlolstats.com:443 "GET /moreGames/f16da874-1580-5ab4-b93b-04518c8adec5/game1 HTTP/1.1" 200 None
2021-12-18 16:19:29,992 [ root ] INFO : successfully grab down 20 from twlol
2021-12-18 16:19:29,995 [ urllib3.connectionpool ] DEBUG : Starting new HTTPS connection (1): lol.moa.tw:443
2021-12-18 16:19:31,157 [ urllib3.connectionpool ] DEBUG : https://lol.moa.tw:443 "POST /Ajax/recentgames/222823464/page:1/sort:GameMatch.createDate/direction:desc HTTP/1.1" 200 None
2021-12-18 16:19:31,191 [ urllib3.connectionpool ] DEBUG : Starting new HTTPS connection (1): lol.moa.tw:443
2021-12-18 16:19:32,624 [ urllib3.connectionpool ] DEBUG : https://lol.moa.tw:443 "POST /Ajax/recentgames/222823464/page:2/sort:GameMatch.createDate/direction:desc HTTP/1.1" 200 None
2021-12-18 16:19:32,653 [ root ] INFO : successfully grab down 20 from moa
2021-12-18 16:19:32,657 [ urllib3.connectionpool ] DEBUG : Starting new HTTPS connection (1): twlolstats.com:443
2021-12-18 16:19:32,961 [ urllib3.connectionpool ] DEBUG : https://twlolstats.com:443 "GET /summoner/?summoner=Tristesse HTTP/1.1" 200 None
2021-12-18 16:19:32,982 [ urllib3.connectionpool ] DEBUG : Starting new HTTPS connection (1): lol.moa.tw:443
2021-12-18 16:19:33,498 [ urllib3.connectionpool ] DEBUG : https://lol.moa.tw:443 "GET /searchlogs/querySummoner?sn=Tristesse HTTP/1.1" 302 None
2021-12-18 16:19:34,230 [ urllib3.connectionpool ] DEBUG : https://lol.moa.tw:443 "GET /summoner/show/Tristesse HTTP/1.1" 200 None
2021-12-18 16:19:34,278 [ urllib3.connectionpool ] DEBUG : Starting new HTTPS connection (1): twlolstats.com:443
2021-12-18 16:19:35,768 [ urllib3.connectionpool ] DEBUG : https://twlolstats.com:443 "GET /moreGames/06086e00-3c61-5e8d-8617-04da262c010f/game1 HTTP/1.1" 200 None
2021-12-18 16:19:35,827 [ root ] INFO : successfully grab down 20 from twlol
2021-12-18 16:19:35,830 [ urllib3.connectionpool ] DEBUG : Starting new HTTPS connection (1): lol.moa.tw:443
2021-12-18 16:19:36,994 [ urllib3.connectionpool ] DEBUG : https://lol.moa.tw:443 "POST /Ajax/recentgames/96907796/page:1/sort:GameMatch.createDate/direction:desc HTTP/1.1" 200 None
2021-12-18 16:19:37,029 [ urllib3.connectionpool ] DEBUG : Starting new HTTPS connection (1): lol.moa.tw:443
2021-12-18 16:19:37,915 [ urllib3.connectionpool ] DEBUG : https://lol.moa.tw:443 "POST /Ajax/recentgames/96907796/page:2/sort:GameMatch.createDate/direction:desc HTTP/1.1" 200 None
2021-12-18 16:19:37,943 [ root ] INFO : successfully grab down 20 from moa
2021-12-18 16:19:37,947 [ urllib3.connectionpool ] DEBUG : Starting new HTTPS connection (1): twlolstats.com:443
2021-12-18 16:19:38,323 [ urllib3.connectionpool ] DEBUG : https://twlolstats.com:443 "GET /summoner/?summoner=Madman_Martian HTTP/1.1" 200 None
2021-12-18 16:19:38,345 [ urllib3.connectionpool ] DEBUG : Starting new HTTPS connection (1): lol.moa.tw:443
2021-12-18 16:19:38,804 [ urllib3.connectionpool ] DEBUG : https://lol.moa.tw:443 "GET /searchlogs/querySummoner?sn=Madman_Martian HTTP/1.1" 302 None
2021-12-18 16:19:39,454 [ urllib3.connectionpool ] DEBUG : https://lol.moa.tw:443 "GET /summoner/show/Madman_Martian HTTP/1.1" 200 None
2021-12-18 16:19:39,499 [ urllib3.connectionpool ] DEBUG : Starting new HTTPS connection (1): twlolstats.com:443
2021-12-18 16:19:41,293 [ urllib3.connectionpool ] DEBUG : https://twlolstats.com:443 "GET /moreGames/58f7f184-68b9-576f-8d68-f89ab183e10c/game1 HTTP/1.1" 500 None
2021-12-18 16:19:41,298 [ root ] ERROR : error on processing Madman_Martian
2021-12-18 16:19:41,304 [ urllib3.connectionpool ] DEBUG : Starting new HTTPS connection (1): twlolstats.com:443
2021-12-18 16:19:41,763 [ urllib3.connectionpool ] DEBUG : https://twlolstats.com:443 "GET /summoner/?summoner=AZSGW HTTP/1.1" 200 None
2021-12-18 16:19:41,786 [ urllib3.connectionpool ] DEBUG : Starting new HTTPS connection (1): lol.moa.tw:443
2021-12-18 16:19:42,311 [ urllib3.connectionpool ] DEBUG : https://lol.moa.tw:443 "GET /searchlogs/querySummoner?sn=AZSGW HTTP/1.1" 302 None
2021-12-18 16:19:42,624 [ urllib3.connectionpool ] DEBUG : https://lol.moa.tw:443 "GET /summoner/show/AZSGW HTTP/1.1" 200 None
2021-12-18 16:19:42,681 [ urllib3.connectionpool ] DEBUG : Starting new HTTPS connection (1): twlolstats.com:443
2021-12-18 16:19:44,370 [ urllib3.connectionpool ] DEBUG : https://twlolstats.com:443 "GET /moreGames/da66123b-8e9d-5e85-a9ac-ddcb05c0c705/game1 HTTP/1.1" 500 None
2021-12-18 16:19:44,374 [ root ] ERROR : error on processing AZSGW
2021-12-18 16:19:44,381 [ urllib3.connectionpool ] DEBUG : Starting new HTTPS connection (1): twlolstats.com:443
2021-12-18 16:19:44,703 [ urllib3.connectionpool ] DEBUG : https://twlolstats.com:443 "GET /summoner/?summoner=niceeric0502 HTTP/1.1" 200 None
2021-12-18 16:19:44,725 [ urllib3.connectionpool ] DEBUG : Starting new HTTPS connection (1): lol.moa.tw:443
2021-12-18 16:19:45,164 [ urllib3.connectionpool ] DEBUG : https://lol.moa.tw:443 "GET /searchlogs/querySummoner?sn=niceeric0502 HTTP/1.1" 302 None
2021-12-18 16:19:45,451 [ urllib3.connectionpool ] DEBUG : https://lol.moa.tw:443 "GET /summoner/show/niceeric0502 HTTP/1.1" 200 None
2021-12-18 16:19:45,499 [ urllib3.connectionpool ] DEBUG : Starting new HTTPS connection (1): twlolstats.com:443
2021-12-18 16:19:47,439 [ urllib3.connectionpool ] DEBUG : https://twlolstats.com:443 "GET /moreGames/f43bf626-8546-59b0-8c99-32ebd06ee9d4/game1 HTTP/1.1" 500 None
2021-12-18 16:19:47,443 [ root ] ERROR : error on processing niceeric0502
2021-12-18 16:19:47,450 [ urllib3.connectionpool ] DEBUG : Starting new HTTPS connection (1): twlolstats.com:443
2021-12-18 16:19:48,054 [ urllib3.connectionpool ] DEBUG : https://twlolstats.com:443 "GET /summoner/?summoner=%E5%AD%B8%E6%B8%AC%E5%B0%B1%E4%B8%8A%E6%98%AF%E5%9C%A8%E5%B9%B9 HTTP/1.1" 200 None
2021-12-18 16:19:48,076 [ urllib3.connectionpool ] DEBUG : Starting new HTTPS connection (1): lol.moa.tw:443
2021-12-18 16:19:48,714 [ urllib3.connectionpool ] DEBUG : https://lol.moa.tw:443 "GET /searchlogs/querySummoner?sn=%E5%AD%B8%E6%B8%AC%E5%B0%B1%E4%B8%8A%E6%98%AF%E5%9C%A8%E5%B9%B9 HTTP/1.1" 302 None
2021-12-18 16:19:49,296 [ urllib3.connectionpool ] DEBUG : https://lol.moa.tw:443 "GET /summoner/show/%E5%AD%B8%E6%B8%AC%E5%B0%B1%E4%B8%8A%E6%98%AF%E5%9C%A8%E5%B9%B9 HTTP/1.1" 200 None
2021-12-18 16:19:49,409 [ urllib3.connectionpool ] DEBUG : Starting new HTTPS connection (1): twlolstats.com:443
2021-12-18 16:19:51,128 [ urllib3.connectionpool ] DEBUG : https://twlolstats.com:443 "GET /moreGames/739c1ae3-fae1-5655-a417-97ea5ee14cc4/game1 HTTP/1.1" 500 None
2021-12-18 16:19:51,133 [ root ] ERROR : error on processing 學測就上是在幹
2021-12-18 16:19:51,139 [ urllib3.connectionpool ] DEBUG : Starting new HTTPS connection (1): twlolstats.com:443
2021-12-18 16:19:51,524 [ urllib3.connectionpool ] DEBUG : https://twlolstats.com:443 "GET /summoner/?summoner=%E5%9C%9F%E8%82%A5%E5%9C%93%E9%8A%80%E7%B5%B2%E8%9B%87 HTTP/1.1" 200 None
2021-12-18 16:19:51,547 [ urllib3.connectionpool ] DEBUG : Starting new HTTPS connection (1): lol.moa.tw:443
2021-12-18 16:19:52,118 [ urllib3.connectionpool ] DEBUG : https://lol.moa.tw:443 "GET /searchlogs/querySummoner?sn=%E5%9C%9F%E8%82%A5%E5%9C%93%E9%8A%80%E7%B5%B2%E8%9B%87 HTTP/1.1" 302 None
2021-12-18 16:19:52,444 [ urllib3.connectionpool ] DEBUG : https://lol.moa.tw:443 "GET /summoner/show/%E5%9C%9F%E8%82%A5%E5%9C%93%E9%8A%80%E7%B5%B2%E8%9B%87 HTTP/1.1" 200 None
2021-12-18 16:19:52,504 [ urllib3.connectionpool ] DEBUG : Starting new HTTPS connection (1): twlolstats.com:443
2021-12-18 16:19:54,213 [ urllib3.connectionpool ] DEBUG : https://twlolstats.com:443 "GET /moreGames/e4c3ba57-ebba-5017-809d-354f1f8df6db/game1 HTTP/1.1" 200 None
2021-12-18 16:19:54,400 [ root ] INFO : successfully grab down 20 from twlol
2021-12-18 16:19:54,402 [ urllib3.connectionpool ] DEBUG : Starting new HTTPS connection (1): lol.moa.tw:443
2021-12-18 16:19:54,984 [ urllib3.connectionpool ] DEBUG : https://lol.moa.tw:443 "POST /Ajax/recentgames/170190324/page:1/sort:GameMatch.createDate/direction:desc HTTP/1.1" 200 None
2021-12-18 16:19:55,019 [ urllib3.connectionpool ] DEBUG : Starting new HTTPS connection (1): lol.moa.tw:443
2021-12-18 16:19:56,092 [ urllib3.connectionpool ] DEBUG : https://lol.moa.tw:443 "POST /Ajax/recentgames/170190324/page:2/sort:GameMatch.createDate/direction:desc HTTP/1.1" 200 None
2021-12-18 16:19:56,122 [ root ] INFO : successfully grab down 20 from moa
2021-12-18 16:19:56,127 [ urllib3.connectionpool ] DEBUG : Starting new HTTPS connection (1): twlolstats.com:443
2021-12-18 16:19:56,624 [ urllib3.connectionpool ] DEBUG : https://twlolstats.com:443 "GET /summoner/?summoner=%E8%B6%85%E7%B4%9A%E7%84%A1%E6%95%B5%E5%B0%8F%E4%BD%95%E4%BD%95 HTTP/1.1" 200 None
2021-12-18 16:19:56,647 [ urllib3.connectionpool ] DEBUG : Starting new HTTPS connection (1): lol.moa.tw:443
2021-12-18 16:19:57,082 [ urllib3.connectionpool ] DEBUG : https://lol.moa.tw:443 "GET /searchlogs/querySummoner?sn=%E8%B6%85%E7%B4%9A%E7%84%A1%E6%95%B5%E5%B0%8F%E4%BD%95%E4%BD%95 HTTP/1.1" 302 None
2021-12-18 16:19:57,350 [ urllib3.connectionpool ] DEBUG : https://lol.moa.tw:443 "GET /summoner/show/%E8%B6%85%E7%B4%9A%E7%84%A1%E6%95%B5%E5%B0%8F%E4%BD%95%E4%BD%95 HTTP/1.1" 200 None
2021-12-18 16:19:57,407 [ urllib3.connectionpool ] DEBUG : Starting new HTTPS connection (1): twlolstats.com:443
2021-12-18 16:19:58,547 [ urllib3.connectionpool ] DEBUG : https://twlolstats.com:443 "GET /moreGames/5729605f-4e86-55b9-beea-0c2b65faf1ce/game1 HTTP/1.1" 200 None
2021-12-18 16:19:58,653 [ root ] INFO : successfully grab down 20 from twlol
2021-12-18 16:19:58,656 [ urllib3.connectionpool ] DEBUG : Starting new HTTPS connection (1): lol.moa.tw:443
2021-12-18 16:19:59,177 [ urllib3.connectionpool ] DEBUG : https://lol.moa.tw:443 "POST /Ajax/recentgames/362816762/page:1/sort:GameMatch.createDate/direction:desc HTTP/1.1" 200 None
2021-12-18 16:19:59,209 [ urllib3.connectionpool ] DEBUG : Starting new HTTPS connection (1): lol.moa.tw:443
2021-12-18 16:20:00,195 [ urllib3.connectionpool ] DEBUG : https://lol.moa.tw:443 "POST /Ajax/recentgames/362816762/page:2/sort:GameMatch.createDate/direction:desc HTTP/1.1" 200 None
2021-12-18 16:20:00,222 [ root ] INFO : successfully grab down 20 from moa
